TrimmomaticPE: Started with arguments:
 -threads 32 /home/spratap/bgmp/bioinfo/Bi623/QAA/cutadapt_out/cut_15_3C_mbnl_S11_L008_R1_001.fastq.gz /home/spratap/bgmp/bioinfo/Bi623/QAA/cutadapt_out/cut_15_3C_mbnl_S11_L008_R2_001.fastq.gz /home/spratap/bgmp/bioinfo/Bi623/QAA/trimmomatic_output/trim_15_3C_mbnl_S11_L008_R1_001_P.fastq.gz /home/spratap/bgmp/bioinfo/Bi623/QAA/trimmomatic_output/trim_15_3C_mbnl_S11_L008_R1_001_U.fastq.gz /home/spratap/bgmp/bioinfo/Bi623/QAA/trimmomatic_output/trim_15_3C_mbnl_S11_L008_R2_001_P.fastq.gz /home/spratap/bgmp/bioinfo/Bi623/QAA/trimmomatic_output/trim_15_3C_mbnl_S11_L008_R2_001_U.fastq.gz LEADING:3 TRAILING:3 SLIDINGWINDOW:5:15 MINLEN:35
Quality encoding detected as phred33
Exception in thread "main" java.io.FileNotFoundException: /home/spratap/bgmp/bioinfo/Bi623/QAA/trimmomatic_output/trim_15_3C_mbnl_S11_L008_R1_001_P.fastq.gz (No such file or directory)
	at java.base/java.io.FileOutputStream.open0(Native Method)
	at java.base/java.io.FileOutputStream.open(FileOutputStream.java:289)
	at java.base/java.io.FileOutputStream.<init>(FileOutputStream.java:230)
	at java.base/java.io.FileOutputStream.<init>(FileOutputStream.java:179)
	at org.usadellab.trimmomatic.fastq.FastqSerializer.open(FastqSerializer.java:28)
	at org.usadellab.trimmomatic.TrimmomaticPE.process(TrimmomaticPE.java:289)
	at org.usadellab.trimmomatic.TrimmomaticPE.run(TrimmomaticPE.java:555)
	at org.usadellab.trimmomatic.Trimmomatic.main(Trimmomatic.java:80)
Command exited with non-zero status 1
	Command being timed: "trimmomatic PE -threads 32 /home/spratap/bgmp/bioinfo/Bi623/QAA/cutadapt_out/cut_15_3C_mbnl_S11_L008_R1_001.fastq.gz /home/spratap/bgmp/bioinfo/Bi623/QAA/cutadapt_out/cut_15_3C_mbnl_S11_L008_R2_001.fastq.gz /home/spratap/bgmp/bioinfo/Bi623/QAA/trimmomatic_output/trim_15_3C_mbnl_S11_L008_R1_001_P.fastq.gz /home/spratap/bgmp/bioinfo/Bi623/QAA/trimmomatic_output/trim_15_3C_mbnl_S11_L008_R1_001_U.fastq.gz /home/spratap/bgmp/bioinfo/Bi623/QAA/trimmomatic_output/trim_15_3C_mbnl_S11_L008_R2_001_P.fastq.gz /home/spratap/bgmp/bioinfo/Bi623/QAA/trimmomatic_output/trim_15_3C_mbnl_S11_L008_R2_001_U.fastq.gz LEADING:3 TRAILING:3 SLIDINGWINDOW:5:15 MINLEN:35"
	User time (seconds): 0.22
	System time (seconds): 0.08
	Percent of CPU this job got: 20%
	Elapsed (wall clock) time (h:mm:ss or m:ss): 0:01.49
	Average shared text size (kbytes): 0
	Average unshared data size (kbytes): 0
	Average stack size (kbytes): 0
	Average total size (kbytes): 0
	Maximum resident set size (kbytes): 68352
	Average resident set size (kbytes): 0
	Major (requiring I/O) page faults: 0
	Minor (reclaiming a frame) page faults: 14838
	Voluntary context switches: 498
	Involuntary context switches: 30
	Swaps: 0
	File system inputs: 0
	File system outputs: 64
	Socket messages sent: 0
	Socket messages received: 0
	Signals delivered: 0
	Page size (bytes): 4096
	Exit status: 1
TrimmomaticPE: Started with arguments:
 -threads 32 /home/spratap/bgmp/bioinfo/Bi623/QAA/cutadapt_out/cut_24_4A_control_S18_L008_R1_001.fastq.gz /home/spratap/bgmp/bioinfo/Bi623/QAA/cutadapt_out/cut_24_4A_control_S18_L008_R2_001.fastq.gz /home/spratap/bgmp/bioinfo/Bi623/QAA/trimmomatic_output/trim_24_4A_control_S18_L008_R1_001_P.fastq.gz /home/spratap/bgmp/bioinfo/Bi623/QAA/trimmomatic_output/trim_24_4A_control_S18_L008_R1_001_U.fastq.gz /home/spratap/bgmp/bioinfo/Bi623/QAA/trimmomatic_output/trim_24_4A_control_S18_L008_R2_001_P.fastq.gz /home/spratap/bgmp/bioinfo/Bi623/QAA/trimmomatic_output/trim_24_4A_control_S18_L008_R2_001_U.fastq.gz LEADING:3 TRAILING:3 SLIDINGWINDOW:5:15 MINLEN:35
Quality encoding detected as phred33
Exception in thread "main" java.io.FileNotFoundException: /home/spratap/bgmp/bioinfo/Bi623/QAA/trimmomatic_output/trim_24_4A_control_S18_L008_R1_001_P.fastq.gz (No such file or directory)
	at java.base/java.io.FileOutputStream.open0(Native Method)
	at java.base/java.io.FileOutputStream.open(FileOutputStream.java:289)
	at java.base/java.io.FileOutputStream.<init>(FileOutputStream.java:230)
	at java.base/java.io.FileOutputStream.<init>(FileOutputStream.java:179)
	at org.usadellab.trimmomatic.fastq.FastqSerializer.open(FastqSerializer.java:28)
	at org.usadellab.trimmomatic.TrimmomaticPE.process(TrimmomaticPE.java:289)
	at org.usadellab.trimmomatic.TrimmomaticPE.run(TrimmomaticPE.java:555)
	at org.usadellab.trimmomatic.Trimmomatic.main(Trimmomatic.java:80)
Command exited with non-zero status 1
	Command being timed: "trimmomatic PE -threads 32 /home/spratap/bgmp/bioinfo/Bi623/QAA/cutadapt_out/cut_24_4A_control_S18_L008_R1_001.fastq.gz /home/spratap/bgmp/bioinfo/Bi623/QAA/cutadapt_out/cut_24_4A_control_S18_L008_R2_001.fastq.gz /home/spratap/bgmp/bioinfo/Bi623/QAA/trimmomatic_output/trim_24_4A_control_S18_L008_R1_001_P.fastq.gz /home/spratap/bgmp/bioinfo/Bi623/QAA/trimmomatic_output/trim_24_4A_control_S18_L008_R1_001_U.fastq.gz /home/spratap/bgmp/bioinfo/Bi623/QAA/trimmomatic_output/trim_24_4A_control_S18_L008_R2_001_P.fastq.gz /home/spratap/bgmp/bioinfo/Bi623/QAA/trimmomatic_output/trim_24_4A_control_S18_L008_R2_001_U.fastq.gz LEADING:3 TRAILING:3 SLIDINGWINDOW:5:15 MINLEN:35"
	User time (seconds): 0.23
	System time (seconds): 0.04
	Percent of CPU this job got: 61%
	Elapsed (wall clock) time (h:mm:ss or m:ss): 0:00.45
	Average shared text size (kbytes): 0
	Average unshared data size (kbytes): 0
	Average stack size (kbytes): 0
	Average total size (kbytes): 0
	Maximum resident set size (kbytes): 70948
	Average resident set size (kbytes): 0
	Major (requiring I/O) page faults: 0
	Minor (reclaiming a frame) page faults: 14932
	Voluntary context switches: 296
	Involuntary context switches: 129
	Swaps: 0
	File system inputs: 0
	File system outputs: 64
	Socket messages sent: 0
	Socket messages received: 0
	Signals delivered: 0
	Page size (bytes): 4096
	Exit status: 1
