/usr/bin/time: cannot run cutadapt: No such file or directory
Command exited with non-zero status 127
	Command being timed: "cutadapt -a AGATCGGAAGAGCACACGTCTGAACTCCAGTCA -A AGATCGGAAGAGCGTCGTGTAGGGAAAGAGTGT -o cut_24_4A_control_S18_L008_R1_001.fastq.gz -p cut_24_4A_control_S18_L008_R2_001.fastq.gz /projects/bgmp/shared/2017_sequencing/demultiplexed/24_4A_control_S18_L008_R1_001.fastq.gz /projects/bgmp/shared/2017_sequencing/demultiplexed/24_4A_control_S18_L008_R2_001.fastq.gz"
	User time (seconds): 0.00
	System time (seconds): 0.00
	Percent of CPU this job got: 64%
	Elapsed (wall clock) time (h:mm:ss or m:ss): 0:00.00
	Average shared text size (kbytes): 0
	Average unshared data size (kbytes): 0
	Average stack size (kbytes): 0
	Average total size (kbytes): 0
	Maximum resident set size (kbytes): 1148
	Average resident set size (kbytes): 0
	Major (requiring I/O) page faults: 0
	Minor (reclaiming a frame) page faults: 26
	Voluntary context switches: 2
	Involuntary context switches: 0
	Swaps: 0
	File system inputs: 0
	File system outputs: 0
	Socket messages sent: 0
	Socket messages received: 0
	Signals delivered: 0
	Page size (bytes): 4096
	Exit status: 127
/usr/bin/time: cannot run cutadapt: No such file or directory
Command exited with non-zero status 127
	Command being timed: "cutadapt -a AGATCGGAAGAGCACACGTCTGAACTCCAGTCA -A AGATCGGAAGAGCGTCGTGTAGGGAAAGAGTGT -o cut_15_3C_mbnl_S11_L008_R1_001.fastq.gz -p cut_15_3C_mbnl_S11_L008_R2_001.fastq.gz /projects/bgmp/shared/2017_sequencing/demultiplexed/15_3C_mbnl_S11_L008_R1_001.fastq.gz /projects/bgmp/shared/2017_sequencing/demultiplexed/15_3C_mbnl_S11_L008_R2_001.fastq.gz"
	User time (seconds): 0.00
	System time (seconds): 0.00
	Percent of CPU this job got: 74%
	Elapsed (wall clock) time (h:mm:ss or m:ss): 0:00.00
	Average shared text size (kbytes): 0
	Average unshared data size (kbytes): 0
	Average stack size (kbytes): 0
	Average total size (kbytes): 0
	Maximum resident set size (kbytes): 1208
	Average resident set size (kbytes): 0
	Major (requiring I/O) page faults: 0
	Minor (reclaiming a frame) page faults: 27
	Voluntary context switches: 1
	Involuntary context switches: 0
	Swaps: 0
	File system inputs: 0
	File system outputs: 0
	Socket messages sent: 0
	Socket messages received: 0
	Signals delivered: 0
	Page size (bytes): 4096
	Exit status: 127
