TrimmomaticPE: Started with arguments:
 -threads 32 /cutadapt_out/cut_15_3C_mbnl_S11_L008_R1_001.fastq.gz /cutadapt_out/cut_15_3C_mbnl_S11_L008_R2_001.fastq.gz /trimmomatic_output/trim_15_3C_mbnl_S11_L008_R1_001_P.fastq.gz /trimmomatic_output/trim_15_3C_mbnl_S11_L008_R1_001_U.fastq.gz /trimmomatic_output/trim_15_3C_mbnl_S11_L008_R2_001_P.fastq.gz /trimmomatic_output/trim_15_3C_mbnl_S11_L008_R2_001_U.fastq.gz LEADING:3 TRAILING:3 SLIDINGWINDOW:5:15 MINLEN:35
Exception in thread "main" java.io.FileNotFoundException: /cutadapt_out/cut_15_3C_mbnl_S11_L008_R1_001.fastq.gz (No such file or directory)
	at java.base/java.io.FileInputStream.open0(Native Method)
	at java.base/java.io.FileInputStream.open(FileInputStream.java:213)
	at java.base/java.io.FileInputStream.<init>(FileInputStream.java:152)
	at org.usadellab.trimmomatic.fastq.FastqParser.parse(FastqParser.java:135)
	at org.usadellab.trimmomatic.TrimmomaticPE.process(TrimmomaticPE.java:265)
	at org.usadellab.trimmomatic.TrimmomaticPE.run(TrimmomaticPE.java:555)
	at org.usadellab.trimmomatic.Trimmomatic.main(Trimmomatic.java:80)
Command exited with non-zero status 1
	Command being timed: "trimmomatic PE -threads 32 /cutadapt_out/cut_15_3C_mbnl_S11_L008_R1_001.fastq.gz /cutadapt_out/cut_15_3C_mbnl_S11_L008_R2_001.fastq.gz /trimmomatic_output/trim_15_3C_mbnl_S11_L008_R1_001_P.fastq.gz /trimmomatic_output/trim_15_3C_mbnl_S11_L008_R1_001_U.fastq.gz /trimmomatic_output/trim_15_3C_mbnl_S11_L008_R2_001_P.fastq.gz /trimmomatic_output/trim_15_3C_mbnl_S11_L008_R2_001_U.fastq.gz LEADING:3 TRAILING:3 SLIDINGWINDOW:5:15 MINLEN:35"
	User time (seconds): 0.06
	System time (seconds): 0.07
	Percent of CPU this job got: 4%
	Elapsed (wall clock) time (h:mm:ss or m:ss): 0:02.94
	Average shared text size (kbytes): 0
	Average unshared data size (kbytes): 0
	Average stack size (kbytes): 0
	Average total size (kbytes): 0
	Maximum resident set size (kbytes): 43176
	Average resident set size (kbytes): 0
	Major (requiring I/O) page faults: 0
	Minor (reclaiming a frame) page faults: 13489
	Voluntary context switches: 467
	Involuntary context switches: 18
	Swaps: 0
	File system inputs: 0
	File system outputs: 96
	Socket messages sent: 0
	Socket messages received: 0
	Signals delivered: 0
	Page size (bytes): 4096
	Exit status: 1
TrimmomaticPE: Started with arguments:
 -threads 32 /cutadapt_out/cut_24_4A_control_S18_L008_R1_001.fastq.gz /cutadapt_out/cut_24_4A_control_S18_L008_R2_001.fastq.gz /trimmomatic_output/trim_24_4A_control_S18_L008_R1_001_P.fastq.gz /trimmomatic_output/trim_24_4A_control_S18_L008_R1_001_U.fastq.gz /trimmomatic_output/trim_24_4A_control_S18_L008_R2_001_P.fastq.gz /trimmomatic_output/trim_24_4A_control_S18_L008_R2_001_U.fastq.gz LEADING:3 TRAILING:3 SLIDINGWINDOW:5:15 MINLEN:35
Exception in thread "main" java.io.FileNotFoundException: /cutadapt_out/cut_24_4A_control_S18_L008_R1_001.fastq.gz (No such file or directory)
	at java.base/java.io.FileInputStream.open0(Native Method)
	at java.base/java.io.FileInputStream.open(FileInputStream.java:213)
	at java.base/java.io.FileInputStream.<init>(FileInputStream.java:152)
	at org.usadellab.trimmomatic.fastq.FastqParser.parse(FastqParser.java:135)
	at org.usadellab.trimmomatic.TrimmomaticPE.process(TrimmomaticPE.java:265)
	at org.usadellab.trimmomatic.TrimmomaticPE.run(TrimmomaticPE.java:555)
	at org.usadellab.trimmomatic.Trimmomatic.main(Trimmomatic.java:80)
Command exited with non-zero status 1
	Command being timed: "trimmomatic PE -threads 32 /cutadapt_out/cut_24_4A_control_S18_L008_R1_001.fastq.gz /cutadapt_out/cut_24_4A_control_S18_L008_R2_001.fastq.gz /trimmomatic_output/trim_24_4A_control_S18_L008_R1_001_P.fastq.gz /trimmomatic_output/trim_24_4A_control_S18_L008_R1_001_U.fastq.gz /trimmomatic_output/trim_24_4A_control_S18_L008_R2_001_P.fastq.gz /trimmomatic_output/trim_24_4A_control_S18_L008_R2_001_U.fastq.gz LEADING:3 TRAILING:3 SLIDINGWINDOW:5:15 MINLEN:35"
	User time (seconds): 0.04
	System time (seconds): 0.02
	Percent of CPU this job got: 93%
	Elapsed (wall clock) time (h:mm:ss or m:ss): 0:00.08
	Average shared text size (kbytes): 0
	Average unshared data size (kbytes): 0
	Average stack size (kbytes): 0
	Average total size (kbytes): 0
	Maximum resident set size (kbytes): 43132
	Average resident set size (kbytes): 0
	Major (requiring I/O) page faults: 0
	Minor (reclaiming a frame) page faults: 13444
	Voluntary context switches: 151
	Involuntary context switches: 13
	Swaps: 0
	File system inputs: 0
	File system outputs: 64
	Socket messages sent: 0
	Socket messages received: 0
	Signals delivered: 0
	Page size (bytes): 4096
	Exit status: 1
